01:55:59.283 INFO [GridLauncherV3.parse] - Selenium server version: 3.141.59, revision: e82be7d358
01:55:59.336 INFO [GridLauncherV3.lambda$buildLaunchers$3] - Launching a standalone Selenium Server on port 4444
2020-07-08 01:55:59.362:INFO::main: Logging initialized @234ms to org.seleniumhq.jetty9.util.log.StdErrLog
01:55:59.489 INFO [WebDriverServlet.<init>] - Initialising WebDriverServlet
01:55:59.682 INFO [SeleniumServer.boot] - Selenium Server is up and running on port 4444
01:56:00.050 INFO [ActiveSessionFactory.apply] - Capabilities are: {
  "acceptSslCerts": true,
  "browserName": "chrome",
  "chromeOptions": {
    "args": [
      "--no-sandbox"
    ],
    "w3c": false
  },
  "javascriptEnabled": true,
  "loggingPrefs": {
    "browser": "INFO",
    "driver": "INFO",
    "server": "OFF"
  },
  "name": "Google Search Test"
}
01:56:00.050 INFO [ActiveSessionFactory.apply] - Capabilities are: {
  "acceptSslCerts": true,
  "browserName": "chrome",
  "chromeOptions": {
    "args": [
      "--no-sandbox"
    ],
    "w3c": false
  },
  "javascriptEnabled": true,
  "loggingPrefs": {
    "browser": "INFO",
    "driver": "INFO",
    "server": "OFF"
  },
  "name": "Linked In Test"
}
01:56:00.050 INFO [ActiveSessionFactory.lambda$apply$11] - Matched factory org.openqa.selenium.grid.session.remote.ServicedSession$Factory (provider: org.openqa.selenium.chrome.ChromeDriverService)
01:56:00.050 INFO [ActiveSessionFactory.lambda$apply$11] - Matched factory org.openqa.selenium.grid.session.remote.ServicedSession$Factory (provider: org.openqa.selenium.chrome.ChromeDriverService)
Starting ChromeDriver 83.0.4103.39 (ccbf011cb2d2b19b506d844400483861342c20cd-refs/branch-heads/4103@{#416}) on port 35233
Only local connections are allowed.
Please see https://chromedriver.chromium.org/security-considerations for suggestions on keeping ChromeDriver safe.
Starting ChromeDriver 83.0.4103.39 (ccbf011cb2d2b19b506d844400483861342c20cd-refs/branch-heads/4103@{#416}) on port 17615
Only local connections are allowed.
Please see https://chromedriver.chromium.org/security-considerations for suggestions on keeping ChromeDriver safe.
ChromeDriver was started successfully.
ChromeDriver was started successfully.
[1594153560.861][WARNING]: [159415356Ignoring u0.86n2r][WARNING]: Ignoring unrecognized ecognized log type: selrovger
 type: server
01:56:01.421 INFO [ProtocolHandshake.createSession] - Detected dialect: OSS
01:56:01.442 INFO [ProtocolHandshake.createSession] - Detected dialect: OSS
01:56:01.628 INFO [RemoteSession$Factory.lambda$performHandshake$0] - Started new session 659fe097dcea73ceb6d1a84890575edc (org.openqa.selenium.chrome.ChromeDriverService)
01:56:01.628 INFO [RemoteSession$Factory.lambda$performHandshake$0] - Started new session 25eb17380d424a18c849c7d3f2d49432 (org.openqa.selenium.chrome.ChromeDriverService)
01:56:12.517 INFO [ActiveSessions$1.onStop] - Removing session 25eb17380d424a18c849c7d3f2d49432 (org.openqa.selenium.chrome.ChromeDriverService)
01:56:15.662 INFO [ActiveSessions$1.onStop] - Removing session 659fe097dcea73ceb6d1a84890575edc (org.openqa.selenium.chrome.ChromeDriverService)
